SF:lib\data\datasources\db\database_helper.dart
DA:9,2
DA:13,4
DA:17,2
DA:18,2
DA:22,2
DA:31,2
DA:32,2
DA:33,2
DA:35,4
DA:39,0
DA:40,0
DA:47,0
DA:49,0
DA:56,0
DA:58,0
DA:66,0
DA:68,0
DA:76,0
DA:79,2
DA:81,2
DA:82,4
DA:83,4
DA:84,2
DA:85,2
DA:86,2
DA:91,2
DA:92,2
DA:93,2
DA:96,2
DA:102,2
DA:103,2
DA:104,2
DA:107,2
DA:111,2
DA:112,2
DA:113,4
DA:116,2
DA:117,2
DA:118,2
DA:121,4
DA:125,2
DA:126,2
DA:127,2
DA:130,2
DA:133,2
DA:134,2
DA:140,2
DA:141,2
DA:143,2
DA:148,2
DA:149,2
DA:150,4
DA:153,2
DA:154,2
DA:155,2
DA:158,4
DA:162,2
DA:163,2
DA:164,2
DA:167,2
DA:170,2
DA:171,2
DA:177,2
DA:178,2
DA:179,2
DA:184,2
DA:186,2
DA:187,4
DA:188,4
DA:189,2
DA:190,2
DA:191,2
DA:196,2
DA:197,2
DA:198,2
DA:201,2
DA:207,2
DA:208,2
DA:209,2
DA:212,2
LF:80
LH:71
end_of_record
SF:lib\data\models\genre.dart
DA:4,4
DA:12,0
DA:13,0
LF:3
LH:1
end_of_record
SF:lib\data\models\genre_model.dart
DA:6,4
DA:14,0
DA:15,0
DA:16,0
DA:19,0
DA:20,0
DA:21,0
DA:24,0
DA:25,0
DA:28,0
DA:29,0
LF:11
LH:1
end_of_record
SF:lib\presentation\widgets\custom_drawer.dart
DA:9,0
DA:13,0
DA:15,0
DA:16,0
DA:23,0
DA:25,0
DA:26,0
DA:32,0
DA:33,0
DA:34,0
DA:36,0
DA:38,0
DA:39,0
DA:40,0
DA:41,0
DA:42,0
DA:43,0
DA:45,0
DA:46,0
DA:47,0
DA:48,0
DA:49,0
DA:51,0
DA:59,0
DA:60,0
DA:61,0
DA:69,0
DA:72,0
DA:73,0
DA:74,0
DA:75,0
DA:77,0
DA:81,0
DA:84,0
DA:85,0
DA:86,0
DA:87,0
DA:89,0
DA:93,0
DA:96,0
DA:97,0
DA:100,0
DA:101,0
DA:102,0
DA:103,0
DA:105,0
DA:109,0
DA:112,0
DA:113,0
DA:114,0
DA:115,0
DA:117,0
DA:123,0
DA:124,0
DA:125,0
DA:126,0
LF:56
LH:0
end_of_record
SF:lib\styles\text_styles.dart
DA:4,0
DA:5,0
DA:6,0
DA:8,0
DA:10,0
DA:12,0
DA:16,0
DA:17,0
DA:18,0
DA:19,0
DA:20,0
LF:11
LH:0
end_of_record
SF:lib\utils\exception.dart
DA:6,0
DA:12,0
LF:2
LH:0
end_of_record
SF:lib\utils\failure.dart
DA:6,4
DA:8,0
DA:9,0
DA:13,4
DA:17,4
DA:21,0
DA:25,0
LF:7
LH:3
end_of_record
SF:lib\utils\ssl.dart
DA:9,0
DA:10,0
DA:11,0
DA:12,0
DA:13,0
DA:14,0
DA:15,0
LF:7
LH:0
end_of_record
SF:lib\utils\utils.dart
DA:3,0
LF:1
LH:0
end_of_record
