SF:lib\data\models\tv_detail_response.dart
DA:7,19
DA:45,2
DA:46,2
DA:47,2
DA:48,2
DA:49,2
DA:50,8
DA:51,2
DA:52,2
DA:53,2
DA:54,2
DA:55,8
DA:56,2
DA:57,2
DA:58,2
DA:59,4
DA:60,2
DA:61,2
DA:62,2
DA:63,4
DA:64,2
DA:67,2
DA:68,1
DA:69,1
DA:70,5
DA:71,1
DA:72,1
DA:73,1
DA:74,1
DA:75,4
DA:76,1
DA:77,1
DA:78,1
DA:79,1
DA:80,1
DA:81,1
DA:82,1
DA:83,1
DA:84,1
DA:87,2
DA:88,2
DA:89,2
DA:90,2
DA:91,10
DA:92,2
DA:93,2
DA:94,2
DA:95,2
DA:96,2
DA:97,2
DA:98,2
DA:99,2
DA:100,2
DA:101,2
DA:102,2
DA:103,2
DA:104,2
DA:105,2
DA:109,2
DA:110,2
DA:111,2
DA:112,2
DA:113,2
DA:114,2
DA:115,2
DA:116,2
DA:117,2
DA:118,2
DA:119,2
DA:120,2
DA:121,2
DA:122,2
DA:123,2
DA:124,2
DA:125,2
DA:126,2
DA:127,2
LF:77
LH:77
end_of_record
SF:lib\data\datasources\tv_remote_data_source.dart
DA:22,1
DA:24,1
DA:27,4
DA:29,2
DA:30,4
DA:32,1
DA:36,1
DA:38,4
DA:40,2
DA:41,3
DA:43,1
DA:47,1
DA:50,4
DA:52,2
DA:53,4
DA:55,1
DA:59,1
DA:62,4
DA:64,2
DA:65,4
DA:67,1
DA:71,1
DA:73,1
DA:74,3
DA:76,2
DA:77,4
DA:79,1
DA:83,1
DA:85,1
DA:86,3
DA:88,2
DA:89,4
DA:91,1
LF:33
LH:33
end_of_record
SF:lib\data\datasources\tv_local_data_source.dart
DA:16,1
DA:20,1
DA:22,2
DA:24,1
DA:30,1
DA:32,2
DA:33,4
DA:36,1
DA:39,2
DA:42,2
DA:46,1
DA:49,2
DA:52,2
DA:56,1
DA:58,2
DA:59,2
DA:62,1
DA:64,2
DA:65,1
DA:66,4
DA:68,1
LF:21
LH:21
end_of_record
SF:lib\domain\usecases\get_watchlist_tv_shows.dart
DA:9,1
DA:11,1
DA:12,2
LF:3
LH:3
end_of_record
SF:lib\domain\usecases\get_watchlist_tv_status.dart
DA:6,1
DA:8,1
DA:9,2
LF:3
LH:3
end_of_record
SF:lib\domain\usecases\remove_tv_watchlist.dart
DA:9,1
DA:11,1
DA:12,2
LF:3
LH:3
end_of_record
SF:lib\domain\usecases\save_tv_watchlist.dart
DA:9,1
DA:11,1
DA:12,2
LF:3
LH:3
end_of_record
SF:lib\data\models\tv_model.dart
DA:6,20
DA:36,4
DA:37,2
DA:38,2
DA:39,8
DA:40,2
DA:41,2
DA:42,8
DA:43,2
DA:44,2
DA:45,2
DA:46,4
DA:47,2
DA:48,4
DA:49,2
DA:52,2
DA:53,1
DA:54,1
DA:55,4
DA:56,1
DA:57,1
DA:58,4
DA:59,1
DA:60,1
DA:61,1
DA:62,1
DA:63,1
DA:64,1
DA:65,1
DA:68,2
DA:69,2
DA:70,2
DA:71,2
DA:72,2
DA:73,2
DA:74,2
DA:75,2
DA:76,2
DA:77,2
DA:78,2
DA:79,2
DA:80,2
DA:81,2
DA:82,2
DA:86,2
DA:87,2
DA:88,2
DA:89,2
DA:90,2
DA:91,2
DA:92,2
DA:93,2
DA:94,2
DA:95,2
DA:96,2
DA:97,2
DA:98,2
DA:99,2
DA:100,2
LF:59
LH:59
end_of_record
SF:lib\data\models\tv_response.dart
DA:8,3
DA:12,4
DA:13,4
DA:14,6
DA:15,6
DA:18,2
DA:19,5
DA:22,1
DA:23,2
LF:9
LH:9
end_of_record
SF:lib\data\models\tv_table.dart
DA:11,19
DA:18,2
DA:19,1
DA:20,1
DA:21,1
DA:22,1
DA:25,2
DA:26,1
DA:27,1
DA:28,1
DA:29,1
DA:32,2
DA:33,1
DA:34,1
DA:35,1
DA:36,1
DA:39,0
DA:40,0
DA:41,0
DA:42,0
DA:43,0
DA:46,2
DA:47,1
DA:48,1
DA:49,1
DA:50,1
DA:53,2
DA:54,2
DA:55,2
DA:56,2
DA:57,2
DA:58,2
LF:32
LH:27
end_of_record
SF:lib\data\repository\tv_repository_impl.dart
DA:11,1
DA:16,1
DA:19,2
DA:20,5
DA:21,1
DA:23,1
DA:25,1
DA:26,4
DA:28,3
DA:32,1
DA:35,2
DA:36,1
DA:37,5
DA:38,5
DA:39,1
DA:41,1
DA:43,1
DA:44,4
DA:46,3
DA:50,1
DA:53,2
DA:54,5
DA:55,1
DA:57,1
DA:59,1
DA:60,4
DA:62,3
DA:66,1
DA:69,2
DA:70,3
DA:71,1
DA:73,1
DA:75,1
DA:76,4
DA:78,3
DA:82,1
DA:85,2
DA:86,5
DA:87,1
DA:89,1
DA:91,1
DA:92,4
DA:94,3
DA:98,1
DA:100,2
DA:101,5
DA:104,1
DA:106,2
DA:110,1
DA:114,3
DA:115,1
DA:116,1
DA:117,3
DA:121,1
DA:125,3
DA:126,1
DA:127,1
DA:128,3
DA:134,1
DA:137,2
DA:138,2
DA:139,1
DA:141,1
DA:143,1
DA:144,4
DA:146,3
LF:66
LH:66
end_of_record
SF:lib\domain\entitites\tv.dart
DA:18,10
DA:34,2
DA:41,4
DA:42,4
DA:43,4
DA:44,4
DA:45,4
DA:46,4
DA:47,4
DA:48,4
DA:49,4
DA:50,4
DA:51,4
DA:52,4
DA:53,4
DA:54,4
DA:55,4
LF:17
LH:17
end_of_record
SF:lib\domain\entitites\tv_detail.dart
DA:6,19
DA:44,3
DA:45,3
DA:46,3
DA:47,3
DA:48,3
DA:49,3
DA:50,3
DA:51,3
DA:52,3
DA:53,3
DA:54,3
DA:55,3
DA:56,3
DA:57,3
DA:58,3
DA:59,3
DA:60,3
DA:61,3
LF:19
LH:19
end_of_record
SF:lib\domain\usecases\get_popular_tv_shows.dart
DA:9,1
DA:11,1
DA:12,2
LF:3
LH:3
end_of_record
SF:lib\domain\usecases\get_top_rated_tv_shows.dart
DA:9,1
DA:11,1
DA:12,2
LF:3
LH:3
end_of_record
SF:lib\domain\usecases\get_tv_on_the_air.dart
DA:9,1
DA:11,1
DA:12,2
LF:3
LH:3
end_of_record
SF:lib\domain\usecases\get_tv_recommendations.dart
DA:9,1
DA:11,1
DA:12,2
LF:3
LH:3
end_of_record
SF:lib\domain\usecases\get_tv_show_detail.dart
DA:9,1
DA:11,1
DA:12,2
LF:3
LH:3
end_of_record
SF:lib\presentation\bloc\tv_detail\tv_detail_state.dart
DA:7,1
DA:8,1
DA:12,1
DA:13,1
DA:19,1
DA:21,1
DA:22,2
DA:28,1
DA:30,1
DA:31,2
LF:10
LH:10
end_of_record
SF:lib\presentation\bloc\tv_detail\tv_detail_bloc.dart
DA:15,1
DA:17,2
DA:18,2
DA:21,1
DA:25,1
DA:26,2
DA:28,2
DA:30,1
DA:31,1
DA:32,3
DA:34,1
DA:35,2
LF:12
LH:12
end_of_record
SF:lib\presentation\bloc\tv_detail\tv_detail_event.dart
DA:9,1
DA:11,1
DA:12,2
LF:3
LH:3
end_of_record
SF:lib\presentation\bloc\tv_on_the_air\tv_on_the_air_state.dart
DA:7,1
DA:8,1
DA:12,1
DA:13,1
DA:19,2
DA:21,1
DA:22,2
DA:28,2
DA:30,1
DA:31,2
LF:10
LH:10
end_of_record
SF:lib\presentation\bloc\tv_on_the_air\tv_on_the_air_bloc.dart
DA:15,3
DA:16,2
DA:19,1
DA:21,2
DA:23,2
DA:25,1
DA:26,1
DA:27,3
DA:29,1
DA:30,5
LF:10
LH:10
end_of_record
SF:lib\presentation\bloc\tv_on_the_air\tv_on_the_air_event.dart
DA:7,1
DA:8,1
LF:2
LH:2
end_of_record
SF:lib\presentation\bloc\tv_popular\tv_popular_bloc.dart
DA:15,1
DA:17,2
DA:18,2
DA:21,1
DA:25,2
DA:27,2
DA:29,1
DA:30,1
DA:31,3
DA:33,1
DA:34,5
LF:11
LH:11
end_of_record
SF:lib\presentation\bloc\tv_popular\tv_popular_state.dart
DA:7,1
DA:8,1
DA:12,1
DA:13,1
DA:19,2
DA:21,1
DA:22,2
DA:28,2
DA:30,1
DA:31,1
LF:10
LH:10
end_of_record
SF:lib\presentation\bloc\tv_popular\tv_popular_event.dart
DA:7,1
DA:8,1
LF:2
LH:2
end_of_record
SF:lib\presentation\bloc\tv_recommendation\tv_recommendation_state.dart
DA:7,1
DA:8,1
DA:12,1
DA:13,1
DA:19,1
DA:21,1
DA:22,2
DA:28,1
DA:30,1
DA:31,1
LF:10
LH:10
end_of_record
SF:lib\presentation\bloc\tv_recommendation\tv_recommendation_bloc.dart
DA:16,1
DA:17,2
DA:18,2
DA:21,1
DA:25,1
DA:26,2
DA:28,2
DA:30,1
DA:31,1
DA:32,3
DA:34,1
DA:35,1
DA:36,2
DA:37,2
LF:14
LH:14
end_of_record
SF:lib\presentation\bloc\tv_recommendation\tv_recommendation_event.dart
DA:9,1
DA:11,1
DA:12,2
LF:3
LH:3
end_of_record
SF:lib\presentation\bloc\tv_top_rated\tv_top_rated_event.dart
DA:7,1
DA:8,1
LF:2
LH:2
end_of_record
SF:lib\presentation\bloc\tv_top_rated\tv_top_rated_state.dart
DA:7,1
DA:8,1
DA:12,1
DA:13,1
DA:19,2
DA:21,1
DA:22,2
DA:28,2
DA:30,1
DA:31,1
LF:10
LH:10
end_of_record
SF:lib\presentation\bloc\tv_top_rated\tv_top_rated_bloc.dart
DA:15,1
DA:17,2
DA:18,2
DA:21,1
DA:25,2
DA:27,2
DA:29,1
DA:30,1
DA:31,3
DA:33,1
DA:34,5
LF:11
LH:11
end_of_record
SF:lib\presentation\bloc\tv_watchlist\tv_watchlist_event.dart
DA:7,1
DA:8,1
DA:14,1
DA:16,1
DA:17,2
DA:23,1
DA:25,1
DA:26,2
DA:32,1
DA:34,1
DA:35,2
LF:11
LH:11
end_of_record
SF:lib\presentation\bloc\tv_watchlist\tv_watchlist_state.dart
DA:7,1
DA:8,1
DA:12,1
DA:13,1
DA:17,1
DA:18,1
DA:24,1
DA:26,1
DA:27,2
DA:33,1
DA:35,1
DA:36,2
DA:42,1
DA:44,1
DA:45,2
DA:51,1
DA:53,1
DA:54,2
LF:18
LH:18
end_of_record
SF:lib\presentation\bloc\tv_watchlist\tv_watchlist_bloc.dart
DA:21,1
DA:26,2
DA:27,2
DA:28,2
DA:29,2
DA:30,2
DA:33,1
DA:37,2
DA:39,2
DA:41,1
DA:42,1
DA:43,3
DA:45,1
DA:46,1
DA:47,2
DA:48,2
DA:53,1
DA:57,1
DA:59,2
DA:61,2
DA:64,1
DA:68,1
DA:70,2
DA:72,1
DA:73,1
DA:74,3
DA:76,1
DA:77,2
DA:82,1
DA:86,1
DA:88,2
DA:90,1
DA:91,1
DA:92,3
DA:94,1
DA:95,2
LF:36
LH:36
end_of_record
SF:lib\presentation\pages\popular_tv_page.dart
DA:8,0
DA:10,0
DA:12,0
DA:16,0
DA:18,0
DA:19,0
DA:20,0
DA:24,0
DA:26,0
DA:27,0
DA:30,0
DA:32,0
DA:34,0
DA:35,0
DA:39,0
DA:40,0
DA:41,0
DA:42,0
DA:43,0
DA:44,0
DA:47,0
DA:48,0
DA:51,0
DA:56,0
DA:58,0
DA:59,0
DA:61,0
LF:27
LH:0
end_of_record
SF:lib\presentation\pages\top_rated_tv_page.dart
DA:8,0
DA:10,0
DA:12,0
DA:16,0
DA:18,0
DA:19,0
DA:20,0
DA:24,0
DA:26,0
DA:27,0
DA:30,0
DA:32,0
DA:34,0
DA:35,0
DA:39,0
DA:40,0
DA:41,0
DA:42,0
DA:43,0
DA:44,0
DA:47,0
DA:48,0
DA:51,0
DA:56,0
DA:58,0
DA:59,0
DA:61,0
LF:27
LH:0
end_of_record
SF:lib\presentation\pages\tv_detail_page.dart
DA:11,0
DA:13,0
DA:15,0
DA:19,0
DA:21,0
DA:22,0
DA:23,0
DA:24,0
DA:25,0
DA:26,0
DA:27,0
DA:31,0
DA:33,0
DA:34,0
DA:35,0
DA:37,0
DA:38,0
DA:39,0
DA:40,0
DA:44,0
DA:45,0
DA:46,0
DA:47,0
DA:52,0
DA:53,0
DA:54,0
DA:55,0
DA:77,0
DA:81,0
DA:83,0
DA:84,0
DA:90,0
DA:92,0
DA:93,0
DA:94,0
DA:95,0
DA:96,0
DA:98,0
DA:101,0
DA:103,0
DA:105,0
DA:106,0
DA:107,0
DA:117,0
DA:118,0
DA:119,0
DA:121,0
DA:123,0
DA:125,0
DA:126,0
DA:127,0
DA:128,0
DA:130,0
DA:131,0
DA:134,0
DA:135,0
DA:136,0
DA:138,0
DA:139,0
DA:142,0
DA:143,0
DA:146,0
DA:147,0
DA:148,0
DA:149,0
DA:150,0
DA:152,0
DA:153,0
DA:154,0
DA:155,0
DA:156,0
DA:158,0
DA:159,0
DA:160,0
DA:161,0
DA:163,0
DA:165,0
DA:166,0
DA:167,0
DA:172,0
DA:173,0
DA:174,0
DA:177,0
DA:179,0
DA:180,0
DA:187,0
DA:188,0
DA:190,0
DA:191,0
DA:192,0
DA:193,0
DA:195,0
DA:201,0
DA:204,0
DA:205,0
DA:206,0
DA:207,0
DA:210,0
DA:211,0
DA:212,0
DA:214,0
DA:216,0
DA:217,0
DA:219,0
DA:221,0
DA:222,0
DA:223,0
DA:225,0
DA:226,0
DA:227,0
DA:228,0
DA:230,0
DA:236,0
DA:238,0
DA:239,0
DA:243,0
DA:244,0
DA:245,0
DA:247,0
DA:249,0
DA:250,0
DA:251,0
DA:252,0
DA:254,0
DA:255,0
DA:258,0
DA:263,0
DA:266,0
DA:267,0
DA:268,0
DA:269,0
DA:280,0
DA:285,0
DA:287,0
DA:302,0
DA:304,0
DA:307,0
DA:309,0
DA:310,0
DA:319,0
DA:321,0
DA:322,0
DA:325,0
DA:329,0
LF:144
LH:0
end_of_record
SF:lib\presentation\pages\tv_home_page.dart
DA:8,1
DA:10,1
DA:12,1
DA:16,1
DA:18,1
DA:19,2
DA:20,4
DA:21,4
DA:22,4
DA:26,1
DA:28,1
DA:29,1
DA:31,1
DA:32,1
DA:35,1
DA:36,1
DA:37,1
DA:38,1
DA:48,1
DA:50,1
DA:52,1
DA:54,1
DA:55,1
DA:57,1
DA:59,1
DA:60,1
DA:61,1
DA:65,1
DA:66,1
DA:67,1
DA:69,1
DA:71,1
DA:72,1
DA:73,1
DA:74,2
DA:76,1
DA:77,1
DA:80,1
DA:85,1
DA:88,1
DA:89,1
DA:90,1
DA:91,1
DA:105,1
DA:107,1
DA:108,1
DA:111,1
DA:112,1
DA:113,1
DA:117,1
DA:118,1
DA:119,1
DA:121,1
DA:123,1
DA:124,1
DA:125,1
DA:126,2
DA:128,1
DA:129,1
DA:132,1
DA:137,1
DA:140,1
DA:141,1
DA:142,1
DA:143,1
DA:157,1
DA:159,1
DA:160,1
DA:163,1
DA:164,1
DA:165,1
DA:169,1
DA:170,1
DA:171,1
DA:173,1
DA:175,1
DA:176,1
DA:177,1
DA:178,2
DA:180,1
DA:181,1
DA:184,1
DA:189,1
DA:192,1
DA:193,1
DA:194,1
DA:195,1
DA:218,1
DA:223,1
DA:225,1
DA:226,1
DA:228,1
DA:230,1
DA:232,1
DA:234,1
DA:235,1
LF:96
LH:96
end_of_record
SF:lib\presentation\pages\watchlist_tv_page.dart
DA:8,0
DA:10,0
DA:12,0
DA:16,0
DA:18,0
DA:19,0
DA:20,0
DA:24,0
DA:26,0
DA:27,0
DA:30,0
DA:32,0
DA:35,0
DA:37,0
DA:38,0
DA:40,0
DA:41,0
DA:45,0
DA:47,0
DA:49,0
DA:50,0
DA:51,0
DA:55,0
DA:56,0
DA:59,0
DA:60,0
DA:61,0
DA:62,0
DA:65,0
DA:66,0
DA:69,0
DA:74,0
DA:76,0
DA:77,0
DA:79,0
DA:96,0
DA:98,0
DA:99,0
LF:38
LH:0
end_of_record
SF:lib\presentation\widgets\tv_card_list.dart
DA:11,1
DA:16,1
DA:18,1
DA:20,1
DA:22,1
DA:23,1
DA:24,1
DA:26,1
DA:27,1
DA:28,1
DA:34,1
DA:36,1
DA:37,1
DA:38,2
DA:41,1
DA:44,1
DA:45,2
DA:54,1
DA:59,1
DA:61,1
DA:62,3
DA:64,1
DA:67,0
LF:23
LH:22
end_of_record
SF:lib\presentation\widgets\tv_list.dart
DA:11,2
DA:15,2
DA:17,2
DA:19,2
DA:21,2
DA:22,2
DA:23,2
DA:25,2
DA:26,6
DA:27,2
DA:30,0
LF:11
LH:10
end_of_record
