SF:lib\data\models\movie_detail_response.dart
DA:7,17
DA:51,1
DA:52,1
DA:53,1
DA:54,1
DA:55,1
DA:56,4
DA:57,1
DA:58,1
DA:59,1
DA:60,1
DA:61,1
DA:62,1
DA:63,2
DA:64,1
DA:65,1
DA:66,1
DA:67,1
DA:68,1
DA:69,1
DA:70,1
DA:71,1
DA:72,2
DA:73,1
DA:76,2
DA:77,1
DA:78,1
DA:79,5
DA:80,1
DA:81,1
DA:82,1
DA:83,1
DA:84,1
DA:85,1
DA:86,1
DA:87,1
DA:88,1
DA:89,1
DA:90,1
DA:91,1
DA:92,1
DA:93,1
DA:94,1
DA:95,1
DA:96,1
DA:99,1
DA:100,1
DA:101,1
DA:102,5
DA:103,1
DA:104,1
DA:105,1
DA:106,1
DA:107,1
DA:108,1
DA:109,1
DA:110,1
DA:111,1
DA:115,1
DA:116,1
DA:117,1
DA:118,1
DA:119,1
DA:120,1
DA:121,1
DA:122,1
DA:123,1
DA:124,1
DA:125,1
DA:126,1
DA:127,1
DA:128,1
DA:129,1
DA:130,1
DA:131,1
DA:132,1
DA:133,1
DA:134,1
DA:135,1
DA:136,1
LF:80
LH:80
end_of_record
SF:lib\data\datasources\movie_remote_data_source.dart
DA:22,1
DA:24,1
DA:27,4
DA:29,2
DA:30,4
DA:32,1
DA:36,1
DA:39,4
DA:41,2
DA:42,3
DA:44,1
DA:48,1
DA:50,1
DA:51,3
DA:53,2
DA:54,4
DA:56,1
DA:60,1
DA:63,4
DA:65,2
DA:66,4
DA:68,1
DA:72,1
DA:75,4
DA:77,2
DA:78,4
DA:80,1
DA:84,1
DA:86,1
DA:87,3
DA:89,2
DA:90,4
DA:92,1
LF:33
LH:33
end_of_record
SF:lib\data\datasources\movie_local_data_source.dart
DA:16,1
DA:18,1
DA:21,2
DA:24,2
DA:28,1
DA:31,2
DA:34,2
DA:38,1
DA:40,2
DA:42,1
DA:48,1
DA:50,2
DA:51,4
DA:54,1
DA:56,2
DA:57,2
DA:60,1
DA:62,2
DA:63,1
DA:64,4
DA:66,1
LF:21
LH:21
end_of_record
SF:lib\domain\usecases\get_watchlist_movies.dart
DA:9,1
DA:11,1
DA:12,2
LF:3
LH:3
end_of_record
SF:lib\domain\usecases\get_watchlist_movies_status.dart
DA:6,1
DA:8,1
DA:9,2
LF:3
LH:3
end_of_record
SF:lib\domain\usecases\remove_movie_watchlist.dart
DA:9,1
DA:11,1
DA:12,2
LF:3
LH:3
end_of_record
SF:lib\domain\usecases\save_movie_watchlist.dart
DA:9,1
DA:11,1
DA:12,2
LF:3
LH:3
end_of_record
SF:lib\data\models\movie_model.dart
DA:6,5
DA:34,4
DA:35,2
DA:36,8
DA:37,2
DA:38,2
DA:39,2
DA:40,4
DA:41,2
DA:42,2
DA:43,2
DA:44,2
DA:45,4
DA:46,2
DA:49,2
DA:50,1
DA:51,4
DA:52,1
DA:53,1
DA:54,1
DA:55,1
DA:56,1
DA:57,1
DA:58,1
DA:59,1
DA:60,1
DA:61,1
DA:64,2
DA:65,2
DA:66,2
DA:67,2
DA:68,2
DA:69,2
DA:70,2
DA:71,2
DA:72,2
DA:73,2
DA:74,2
DA:75,2
DA:76,2
DA:77,2
DA:81,2
DA:82,2
DA:83,2
DA:84,2
DA:85,2
DA:86,2
DA:87,2
DA:88,2
DA:89,2
DA:90,2
DA:91,2
DA:92,2
DA:93,2
DA:94,2
LF:55
LH:55
end_of_record
SF:lib\data\models\movie_response.dart
DA:8,3
DA:10,4
DA:11,4
DA:12,6
DA:13,6
DA:16,2
DA:17,5
DA:20,1
DA:21,2
LF:9
LH:9
end_of_record
SF:lib\data\models\movie_table.dart
DA:11,18
DA:18,2
DA:19,1
DA:20,1
DA:21,1
DA:22,1
DA:25,2
DA:26,1
DA:27,1
DA:28,1
DA:29,1
DA:32,2
DA:33,1
DA:34,1
DA:35,1
DA:36,1
DA:39,0
DA:40,0
DA:41,0
DA:42,0
DA:43,0
DA:46,2
DA:47,1
DA:48,1
DA:49,1
DA:50,1
DA:53,2
DA:54,10
LF:28
LH:23
end_of_record
SF:lib\data\repository\movie_repository_impl.dart
DA:12,1
DA:17,1
DA:20,2
DA:21,2
DA:22,4
DA:23,5
DA:24,1
DA:26,1
DA:28,1
DA:29,4
DA:31,3
DA:35,1
DA:38,2
DA:39,2
DA:40,1
DA:42,1
DA:44,1
DA:45,4
DA:47,3
DA:51,1
DA:54,2
DA:55,3
DA:56,1
DA:58,1
DA:60,1
DA:61,4
DA:63,3
DA:67,1
DA:70,2
DA:71,5
DA:72,1
DA:74,1
DA:76,1
DA:77,4
DA:79,3
DA:83,1
DA:86,2
DA:87,5
DA:88,1
DA:90,1
DA:92,1
DA:93,4
DA:95,3
DA:99,1
DA:102,2
DA:103,5
DA:104,1
DA:106,1
DA:108,1
DA:109,4
DA:111,3
DA:115,1
DA:118,1
DA:119,2
DA:120,1
DA:121,1
DA:122,3
DA:128,1
DA:131,1
DA:132,2
DA:133,1
DA:134,1
DA:135,3
DA:139,1
DA:141,2
DA:145,1
DA:147,2
DA:148,5
LF:68
LH:68
end_of_record
SF:lib\domain\entities\movie.dart
DA:4,10
DA:19,2
DA:41,7
DA:42,7
DA:43,7
DA:44,7
DA:45,7
DA:46,7
DA:47,7
DA:48,7
DA:49,7
DA:50,7
DA:51,7
DA:52,7
DA:53,7
DA:54,7
LF:16
LH:16
end_of_record
SF:lib\domain\entities\movie_detail.dart
DA:6,17
DA:32,2
DA:33,2
DA:34,2
DA:35,2
DA:36,2
DA:37,2
DA:38,2
DA:39,2
DA:40,2
DA:41,2
DA:42,2
DA:43,2
LF:13
LH:13
end_of_record
SF:lib\domain\usecases\get_movie_detail.dart
DA:9,1
DA:11,1
DA:12,2
LF:3
LH:3
end_of_record
SF:lib\domain\usecases\get_movie_recommendations.dart
DA:9,1
DA:11,1
DA:12,2
LF:3
LH:3
end_of_record
SF:lib\domain\usecases\get_now_playing_movies.dart
DA:9,1
DA:11,1
DA:12,2
LF:3
LH:3
end_of_record
SF:lib\domain\usecases\get_popular_movies.dart
DA:9,1
DA:11,1
DA:12,2
LF:3
LH:3
end_of_record
SF:lib\domain\usecases\get_top_rated_movies.dart
DA:9,1
DA:11,1
DA:12,2
LF:3
LH:3
end_of_record
SF:lib\presentation\bloc\movie_detail\movie_detail_state.dart
DA:7,1
DA:8,1
DA:12,1
DA:13,1
DA:19,1
DA:21,1
DA:22,2
DA:28,1
DA:30,1
DA:31,2
LF:10
LH:10
end_of_record
SF:lib\presentation\bloc\movie_detail\movie_detail_event.dart
DA:9,1
DA:11,1
DA:12,2
LF:3
LH:3
end_of_record
SF:lib\presentation\bloc\movie_detail\movie_detail_bloc.dart
DA:15,3
DA:16,2
DA:19,1
DA:23,1
DA:25,2
DA:27,2
DA:29,1
DA:30,1
DA:31,3
DA:33,1
DA:34,2
LF:11
LH:11
end_of_record
SF:lib\presentation\bloc\movie_now_playing\movie_list_event.dart
DA:7,1
DA:8,1
LF:2
LH:2
end_of_record
SF:lib\presentation\bloc\movie_now_playing\movie_list_state.dart
DA:7,1
DA:8,1
DA:12,1
DA:13,1
DA:19,2
DA:21,1
DA:22,2
DA:28,2
DA:30,1
DA:31,2
LF:10
LH:10
end_of_record
SF:lib\presentation\bloc\movie_now_playing\movie_list_bloc.dart
DA:15,1
DA:17,2
DA:18,2
DA:21,1
DA:23,2
DA:25,2
DA:27,1
DA:28,1
DA:29,3
DA:31,1
DA:32,5
LF:11
LH:11
end_of_record
SF:lib\presentation\bloc\movie_popular\movie_popular_event.dart
DA:7,1
DA:8,1
LF:2
LH:2
end_of_record
SF:lib\presentation\bloc\movie_popular\movie_popular_state.dart
DA:7,1
DA:8,1
DA:12,1
DA:13,1
DA:19,2
DA:21,1
DA:22,2
DA:28,2
DA:30,1
DA:31,2
LF:10
LH:10
end_of_record
SF:lib\presentation\bloc\movie_popular\movie_popular_bloc.dart
DA:15,3
DA:16,2
DA:19,1
DA:23,2
DA:25,2
DA:27,1
DA:28,1
DA:29,3
DA:31,1
DA:32,1
DA:33,2
DA:34,2
LF:12
LH:12
end_of_record
SF:lib\presentation\bloc\movie_recommendation\movie_recommendation_state.dart
DA:7,1
DA:8,1
DA:12,1
DA:13,1
DA:19,1
DA:21,1
DA:22,2
DA:28,1
DA:30,1
DA:31,2
LF:10
LH:10
end_of_record
SF:lib\presentation\bloc\movie_recommendation\movie_recommendation_bloc.dart
DA:16,1
DA:17,2
DA:18,2
DA:21,1
DA:25,1
DA:26,2
DA:28,2
DA:30,1
DA:31,1
DA:32,3
DA:34,1
DA:35,1
DA:36,2
DA:37,2
LF:14
LH:14
end_of_record
SF:lib\presentation\bloc\movie_recommendation\movie_recommendation_event.dart
DA:9,1
DA:11,1
DA:12,2
LF:3
LH:3
end_of_record
SF:lib\presentation\bloc\movie_top_rated\movie_top_rated_state.dart
DA:7,1
DA:8,1
DA:12,1
DA:13,1
DA:19,2
DA:21,1
DA:22,2
DA:28,2
DA:30,1
DA:31,2
LF:10
LH:10
end_of_record
SF:lib\presentation\bloc\movie_top_rated\movie_top_rated_event.dart
DA:7,1
DA:8,1
LF:2
LH:2
end_of_record
SF:lib\presentation\bloc\movie_top_rated\movie_top_rated_bloc.dart
DA:15,3
DA:16,2
DA:19,1
DA:23,2
DA:25,2
DA:27,1
DA:28,1
DA:29,3
DA:31,1
DA:32,1
DA:33,2
DA:34,2
LF:12
LH:12
end_of_record
SF:lib\presentation\bloc\movie_watchlist\movie_watchlist_state.dart
DA:7,1
DA:8,1
DA:12,1
DA:13,1
DA:17,1
DA:18,1
DA:24,1
DA:26,1
DA:27,2
DA:33,1
DA:35,1
DA:36,2
DA:42,1
DA:44,1
DA:45,2
DA:51,1
DA:53,1
DA:54,2
LF:18
LH:18
end_of_record
SF:lib\presentation\bloc\movie_watchlist\movie_watchlist_event.dart
DA:7,1
DA:8,1
DA:14,1
DA:16,1
DA:17,2
DA:23,1
DA:25,1
DA:26,2
DA:32,1
DA:34,1
DA:35,2
LF:11
LH:11
end_of_record
SF:lib\presentation\bloc\movie_watchlist\movie_watchlist_bloc.dart
DA:22,1
DA:27,2
DA:28,2
DA:29,2
DA:30,2
DA:31,2
DA:34,1
DA:38,2
DA:40,2
DA:42,1
DA:43,1
DA:44,3
DA:46,1
DA:47,1
DA:48,2
DA:49,2
DA:54,1
DA:58,1
DA:60,2
DA:62,2
DA:65,1
DA:69,1
DA:71,2
DA:73,1
DA:74,1
DA:75,3
DA:77,1
DA:78,2
DA:83,1
DA:87,1
DA:89,2
DA:91,1
DA:92,1
DA:93,3
DA:95,1
DA:96,2
LF:36
LH:36
end_of_record
SF:lib\presentation\pages\movie_home_page.dart
DA:8,1
DA:9,1
DA:11,1
DA:15,1
DA:17,1
DA:18,2
DA:19,4
DA:20,4
DA:21,4
DA:25,1
DA:27,1
DA:28,1
DA:30,1
DA:31,1
DA:34,1
DA:35,1
DA:36,1
DA:37,1
DA:47,1
DA:49,1
DA:51,1
DA:53,1
DA:54,1
DA:56,1
DA:58,1
DA:59,1
DA:60,1
DA:64,1
DA:65,1
DA:66,1
DA:68,1
DA:70,1
DA:71,1
DA:72,1
DA:73,2
DA:75,1
DA:76,1
DA:79,1
DA:84,1
DA:87,1
DA:88,1
DA:89,1
DA:100,1
DA:102,1
DA:103,1
DA:105,1
DA:106,1
DA:107,1
DA:111,1
DA:112,1
DA:113,1
DA:115,1
DA:117,1
DA:118,1
DA:119,1
DA:120,2
DA:122,1
DA:123,1
DA:126,1
DA:131,1
DA:134,1
DA:135,1
DA:136,1
DA:147,1
DA:149,1
DA:150,1
DA:153,1
DA:154,1
DA:155,1
DA:159,1
DA:160,1
DA:161,1
DA:163,1
DA:165,1
DA:166,1
DA:167,1
DA:168,2
DA:170,1
DA:171,1
DA:174,1
DA:179,1
DA:182,1
DA:183,1
DA:184,1
DA:204,1
DA:209,1
DA:211,1
DA:212,1
DA:214,1
DA:216,1
DA:219,1
DA:221,1
LF:92
LH:92
end_of_record
SF:lib\presentation\pages\movie_detail_page.dart
DA:11,0
DA:13,0
DA:15,0
DA:19,0
DA:21,0
DA:22,0
DA:23,0
DA:24,0
DA:25,0
DA:26,0
DA:27,0
DA:31,0
DA:33,0
DA:34,0
DA:35,0
DA:37,0
DA:38,0
DA:40,0
DA:41,0
DA:45,0
DA:46,0
DA:47,0
DA:48,0
DA:53,0
DA:54,0
DA:55,0
DA:56,0
DA:78,0
DA:82,0
DA:84,0
DA:85,0
DA:92,0
DA:94,0
DA:95,0
DA:96,0
DA:97,0
DA:98,0
DA:100,0
DA:103,0
DA:105,0
DA:107,0
DA:108,0
DA:109,0
DA:119,0
DA:120,0
DA:121,0
DA:123,0
DA:125,0
DA:127,0
DA:128,0
DA:129,0
DA:130,0
DA:132,0
DA:133,0
DA:134,0
DA:136,0
DA:137,0
DA:139,0
DA:140,0
DA:143,0
DA:145,0
DA:146,0
DA:147,0
DA:148,0
DA:150,0
DA:151,0
DA:152,0
DA:153,0
DA:154,0
DA:156,0
DA:157,0
DA:158,0
DA:159,0
DA:160,0
DA:166,0
DA:167,0
DA:168,0
DA:171,0
DA:173,0
DA:174,0
DA:181,0
DA:182,0
DA:184,0
DA:185,0
DA:187,0
DA:188,0
DA:189,0
DA:190,0
DA:192,0
DA:198,0
DA:202,0
DA:204,0
DA:206,0
DA:207,0
DA:209,0
DA:211,0
DA:214,0
DA:217,0
DA:219,0
DA:221,0
DA:223,0
DA:224,0
DA:229,0
DA:230,0
DA:232,0
DA:233,0
DA:235,0
DA:236,0
DA:237,0
DA:240,0
DA:241,0
DA:242,0
DA:244,0
DA:247,0
DA:250,0
DA:255,0
DA:257,0
DA:259,0
DA:264,0
DA:273,0
DA:278,0
DA:279,0
DA:280,0
DA:281,0
DA:293,0
DA:295,0
DA:310,0
DA:312,0
DA:315,0
DA:318,0
DA:319,0
DA:328,0
DA:330,0
DA:331,0
DA:334,0
DA:338,0
DA:341,0
DA:342,0
DA:343,0
DA:345,0
DA:346,0
DA:348,0
LF:142
LH:0
end_of_record
SF:lib\presentation\pages\popular_movies_page.dart
DA:8,0
DA:10,0
DA:12,0
DA:16,0
DA:18,0
DA:19,0
DA:20,0
DA:23,0
DA:25,0
DA:26,0
DA:29,0
DA:31,0
DA:33,0
DA:34,0
DA:38,0
DA:39,0
DA:40,0
DA:41,0
DA:42,0
DA:43,0
DA:46,0
DA:47,0
DA:50,0
DA:55,0
DA:57,0
DA:58,0
DA:60,0
LF:27
LH:0
end_of_record
SF:lib\presentation\pages\top_rated_movies_page.dart
DA:8,0
DA:10,0
DA:12,0
DA:16,0
DA:18,0
DA:19,0
DA:20,0
DA:21,0
DA:24,0
DA:26,0
DA:27,0
DA:30,0
DA:32,0
DA:34,0
DA:35,0
DA:39,0
DA:40,0
DA:41,0
DA:42,0
DA:43,0
DA:44,0
DA:47,0
DA:48,0
DA:51,0
DA:56,0
DA:58,0
DA:59,0
DA:61,0
LF:28
LH:0
end_of_record
SF:lib\presentation\pages\watchlist_movies_page.dart
DA:8,0
DA:10,0
DA:12,0
DA:17,0
DA:19,0
DA:20,0
DA:21,0
DA:25,0
DA:27,0
DA:28,0
DA:31,0
DA:33,0
DA:36,0
DA:38,0
DA:39,0
DA:41,0
DA:42,0
DA:46,0
DA:48,0
DA:50,0
DA:51,0
DA:52,0
DA:56,0
DA:57,0
DA:60,0
DA:61,0
DA:62,0
DA:63,0
DA:66,0
DA:67,0
DA:70,0
DA:75,0
DA:77,0
DA:78,0
DA:80,0
DA:97,0
DA:99,0
DA:100,0
LF:38
LH:0
end_of_record
SF:lib\presentation\widgets\movie_card_list.dart
DA:11,1
DA:16,1
DA:18,1
DA:20,1
DA:22,1
DA:23,1
DA:24,1
DA:26,1
DA:27,1
DA:28,1
DA:34,1
DA:36,1
DA:37,1
DA:38,2
DA:41,1
DA:44,1
DA:45,2
DA:54,1
DA:59,1
DA:61,1
DA:62,3
DA:64,1
DA:67,0
LF:23
LH:22
end_of_record
SF:lib\presentation\widgets\movie_list.dart
DA:11,2
DA:15,2
DA:17,2
DA:19,2
DA:21,2
DA:22,2
DA:23,2
DA:25,2
DA:26,6
DA:27,2
DA:30,0
LF:11
LH:10
end_of_record
